<?xml version="1.0" encoding="UTF-8"?>
<!-- Generated by org.testng.reporters.JUnitReportReporter -->
<testsuite hostname="Prashant_Laptop" failures="0" tests="8" name="Demo.Assertions.InvocationCoubtDemo" time="0.019" errors="0" timestamp="2024-10-24T16:24:01 IST" skipped="0">
  <testcase classname="Demo.Assertions.InvocationCoubtDemo" name="testMethod1" time="0.001"/>
  <testcase classname="Demo.Assertions.InvocationCoubtDemo" name="testMethod2" time="0.001"/>
  <testcase classname="Demo.Assertions.InvocationCoubtDemo" name="testMethod1" time="0.001"/>
  <testcase classname="Demo.Assertions.InvocationCoubtDemo" name="testMethod2" time="0.001"/>
  <testcase classname="Demo.Assertions.InvocationCoubtDemo" name="testMethod1" time="0.010"/>
  <testcase classname="Demo.Assertions.InvocationCoubtDemo" name="testMethod2" time="0.002"/>
  <testcase classname="Demo.Assertions.InvocationCoubtDemo" name="testMethod1" time="0.002"/>
  <testcase classname="Demo.Assertions.InvocationCoubtDemo" name="testMethod1" time="0.001"/>
</testsuite> <!-- Demo.Assertions.InvocationCoubtDemo -->
