<?xml version="1.0" encoding="UTF-8"?>
<!-- Generated by org.testng.reporters.JUnitReportReporter -->
<testsuite hostname="Prashant_Laptop" failures="0" tests="1" name="Demo.Assertions.HardAssertions" time="5.208" errors="0" timestamp="2024-10-24T16:08:45 IST" skipped="0">
  <testcase classname="Demo.Assertions.HardAssertions" name="assertionDemo" time="5.208"/>
</testsuite> <!-- Demo.Assertions.HardAssertions -->
