<?xml version="1.0" encoding="UTF-8"?>
<!-- Generated by org.testng.reporters.JUnitReportReporter -->
<testsuite hostname="Prashant_Laptop" failures="0" tests="1" name="Demo.Assertions.SoftAssertions" time="6.319" errors="0" timestamp="2024-10-24T16:13:15 IST" skipped="0">
  <testcase classname="Demo.Assertions.SoftAssertions" name="softAssertionDemo" time="6.319"/>
</testsuite> <!-- Demo.Assertions.SoftAssertions -->
